2016/09/27 19:24:12 [error] [php] date(): It is not safe to rely on the system's timezone settings. You are *required* to use the date.timezone setting or the date_default_timezone_set() function. In case you used any of those methods and you are still getting this warning, you most likely misspelled the timezone identifier. We selected 'Asia/Chongqing' for 'CST/8.0/no DST' instead (/var/www/html/wechat/protected/views/layouts/main.php:51)
Stack trace:
#0 /var/www/html/wechat/framework/web/CBaseController.php(95): SiteController->renderInternal()
#1 /var/www/html/wechat/framework/web/widgets/CContentDecorator.php(76): SiteController->renderFile()
#2 /var/www/html/wechat/framework/web/widgets/CContentDecorator.php(54): CContentDecorator->decorate()
#3 /var/www/html/wechat/framework/web/widgets/COutputProcessor.php(44): CContentDecorator->processOutput()
#4 /var/www/html/wechat/framework/web/CBaseController.php(214): CContentDecorator->run()
#5 /var/www/html/wechat/framework/web/CBaseController.php(308): SiteController->endWidget()
#6 /var/www/html/wechat/protected/views/layouts/column1.php(6): SiteController->endContent()
#7 /var/www/html/wechat/framework/web/CBaseController.php(126): require()
#8 /var/www/html/wechat/framework/web/CBaseController.php(95): SiteController->renderInternal()
#9 /var/www/html/wechat/framework/web/CController.php(784): SiteController->renderFile()
#10 /var/www/html/wechat/protected/controllers/SiteController.php(32): SiteController->render()
#11 /var/www/html/wechat/framework/web/actions/CInlineAction.php(49): SiteController->actionIndex()
#12 /var/www/html/wechat/framework/web/CController.php(308): CInlineAction->runWithParams()
#13 /var/www/html/wechat/framework/web/CController.php(286): SiteController->runAction()
#14 /var/www/html/wechat/framework/web/CController.php(265): SiteController->runActionWithFilters()
#15 /var/www/html/wechat/framework/web/CWebApplication.php(282): SiteController->run()
#16 /var/www/html/wechat/framework/web/CWebApplication.php(141): CWebApplication->runController()
#17 /var/www/html/wechat/framework/base/CApplication.php(185): CWebApplication->processRequest()
#18 /var/www/html/wechat/index.php(13): CWebApplication->run()
REQUEST_URI=/wechat/
in /var/www/html/wechat/protected/views/layouts/main.php (51)
in /var/www/html/wechat/protected/views/layouts/column1.php (6)
in /var/www/html/wechat/protected/controllers/SiteController.php (32)
2016/09/27 19:28:01 [error] [exception.CException] exception 'CException' with message 'CAssetManager.basePath "/var/www/html/wechat/assets" is invalid. Please make sure the directory exists and is writable by the Web server process.' in /var/www/html/wechat/framework/web/CAssetManager.php:138
Stack trace:
#0 /var/www/html/wechat/framework/web/CAssetManager.php(123): CAssetManager->setBasePath('/var/www/html/w...')
#1 /var/www/html/wechat/framework/web/CAssetManager.php(217): CAssetManager->getBasePath()
#2 /var/www/html/wechat/framework/web/CClientScript.php(511): CAssetManager->publish('/var/www/html/w...')
#3 /var/www/html/wechat/framework/web/CClientScript.php(548): CClientScript->getCoreScriptUrl()
#4 /var/www/html/wechat/framework/web/CClientScript.php(349): CClientScript->getPackageBaseUrl('jquery')
#5 /var/www/html/wechat/framework/web/CClientScript.php(208): CClientScript->renderCoreScripts()
#6 /var/www/html/wechat/framework/web/CController.php(351): CClientScript->render('<!DOCTYPE html>...')
#7 /var/www/html/wechat/framework/web/CController.php(788): CController->processOutput('<!DOCTYPE html>...')
#8 /var/www/html/wechat/protected/controllers/SiteController.php(98): CController->render('login', Array)
#9 /var/www/html/wechat/framework/web/actions/CInlineAction.php(49): SiteController->actionLogin()
#10 /var/www/html/wechat/framework/web/CController.php(308): CInlineAction->runWithParams(Array)
#11 /var/www/html/wechat/framework/web/CController.php(286): CController->runAction(Object(CInlineAction))
#12 /var/www/html/wechat/framework/web/CController.php(265): CController->runActionWithFilters(Object(CInlineAction), Array)
#13 /var/www/html/wechat/framework/web/CWebApplication.php(282): CController->run('login')
#14 /var/www/html/wechat/framework/web/CWebApplication.php(141): CWebApplication->runController('site/login')
#15 /var/www/html/wechat/framework/base/CApplication.php(185): CWebApplication->processRequest()
#16 /var/www/html/wechat/index.php(13): CApplication->run()
#17 {main}
REQUEST_URI=/wechat/index.php?r=site/login
HTTP_REFERER=http://120.26.119.33/wechat/
---
